CRITICAL - 2023-02-09 05:23:16 --> Undefined variable: PostsModel
in APPPATH/Controllers/Posts.php on line 20.
 1 APPPATH/Controllers/Posts.php(20): CodeIgniter\Debug\Exceptions->errorHandler()
 2 SYSTEMPATH/CodeIgniter.php(934): App\Controllers\Posts->index()
 3 SYSTEMPATH/CodeIgniter.php(499): CodeIgniter\CodeIgniter->runController()
 4 SYSTEMPATH/CodeIgniter.php(368): CodeIgniter\CodeIgniter->handleRequest()
 5 FCPATH/index.php(67): CodeIgniter\CodeIgniter->run()
ERROR - 2023-02-09 05:24:16 --> mysqli_sql_exception: Unknown column 'date' in 'where clause' in /var/www/html/wsh_news_app/system/Database/MySQLi/Connection.php:295
Stack trace:
#0 /var/www/html/wsh_news_app/system/Database/MySQLi/Connection.php(295): mysqli->query()
#1 /var/www/html/wsh_news_app/system/Database/BaseConnection.php(691): CodeIgniter\Database\MySQLi\Connection->execute()
#2 /var/www/html/wsh_news_app/system/Database/BaseConnection.php(605): CodeIgniter\Database\BaseConnection->simpleQuery()
#3 /var/www/html/wsh_news_app/system/Database/BaseBuilder.php(1602): CodeIgniter\Database\BaseConnection->query()
#4 /var/www/html/wsh_news_app/system/Model.php(202): CodeIgniter\Database\BaseBuilder->get()
#5 /var/www/html/wsh_news_app/system/BaseModel.php(557): CodeIgniter\Model->doFind()
#6 /var/www/html/wsh_news_app/app/Controllers/Posts.php(22): CodeIgniter\BaseModel->find()
#7 /var/www/html/wsh_news_app/system/CodeIgniter.php(934): App\Controllers\Posts->index()
#8 /var/www/html/wsh_news_app/system/CodeIgniter.php(499): CodeIgniter\CodeIgniter->runController()
#9 /var/www/html/wsh_news_app/system/CodeIgniter.php(368): CodeIgniter\CodeIgniter->handleRequest()
#10 /var/www/html/wsh_news_app/public/index.php(67): CodeIgniter\CodeIgniter->run()
#11 {main}
CRITICAL - 2023-02-09 05:24:16 --> Unknown column 'date' in 'where clause'
in SYSTEMPATH/Database/BaseConnection.php on line 645.
 1 SYSTEMPATH/Database/BaseBuilder.php(1602): CodeIgniter\Database\BaseConnection->query()
 2 SYSTEMPATH/Model.php(202): CodeIgniter\Database\BaseBuilder->get()
 3 SYSTEMPATH/BaseModel.php(557): CodeIgniter\Model->doFind()
 4 APPPATH/Controllers/Posts.php(22): CodeIgniter\BaseModel->find()
 5 SYSTEMPATH/CodeIgniter.php(934): App\Controllers\Posts->index()
 6 SYSTEMPATH/CodeIgniter.php(499): CodeIgniter\CodeIgniter->runController()
 7 SYSTEMPATH/CodeIgniter.php(368): CodeIgniter\CodeIgniter->handleRequest()
 8 FCPATH/index.php(67): CodeIgniter\CodeIgniter->run()
CRITICAL - 2023-02-09 05:30:51 --> Undefined variable: posts
in APPPATH/Controllers/Posts.php on line 24.
 1 APPPATH/Controllers/Posts.php(24): CodeIgniter\Debug\Exceptions->errorHandler()
 2 SYSTEMPATH/CodeIgniter.php(934): App\Controllers\Posts->index()
 3 SYSTEMPATH/CodeIgniter.php(499): CodeIgniter\CodeIgniter->runController()
 4 SYSTEMPATH/CodeIgniter.php(368): CodeIgniter\CodeIgniter->handleRequest()
 5 FCPATH/index.php(67): CodeIgniter\CodeIgniter->run()
